<?xml version="1.0" encoding="UTF-8"?>
<!-- Generated by org.testng.reporters.JUnitReportReporter -->
<testsuite hostname="INHYNBCG-328" failures="0" tests="1" name="org.vertex.web.InvokeBrowser" time="6.829" errors="0" timestamp="2023-11-29T18:09:08 IST" skipped="0">
  <testcase classname="org.vertex.web.InvokeBrowser" name="verifyUserLogin" time="6.829"/>
</testsuite> <!-- org.vertex.web.InvokeBrowser -->
