<?xml version="1.0" encoding="UTF-8"?>
<!-- Generated by org.testng.reporters.JUnitReportReporter -->
<testsuite hostname="INHYNBCG-328" failures="0" tests="1" name="org.vertex.web.InvokeBrowser" time="8.311" errors="0" timestamp="2023-11-24T18:13:05 IST" skipped="0">
  <testcase classname="org.vertex.web.InvokeBrowser" name="verifyUserLogin" time="8.311"/>
  <system-out/>
</testsuite> <!-- org.vertex.web.InvokeBrowser -->
