<?xml version="1.0" encoding="UTF-8"?>
<!-- Generated by org.testng.reporters.JUnitReportReporter -->
<testsuite hostname="INHYNBCG-328" failures="0" tests="1" name="org.vertex.web.InvokeBrowser" time="7.416" errors="0" timestamp="2023-12-06T10:50:39 IST" skipped="0">
  <testcase classname="org.vertex.web.InvokeBrowser" name="verifyUserLogin" time="7.416"/>
</testsuite> <!-- org.vertex.web.InvokeBrowser -->
