<?xml version="1.0" encoding="UTF-8"?>
<!-- Generated by org.testng.reporters.JUnitReportReporter -->
<testsuite hostname="INHYNBCG-328" failures="0" tests="1" name="org.vertex.web.InvokeBrowser" time="1.000" errors="0" timestamp="2023-12-07T15:19:29 IST" skipped="0">
  <testcase classname="org.vertex.web.InvokeBrowser" name="verifyUserLogin" time="1.000"/>
</testsuite> <!-- org.vertex.web.InvokeBrowser -->
